<?xml version="1.0" encoding="UTF-8"?>
<testsuite name="examplefuncsplayer.RobotPlayerTest" tests="1" skipped="0" failures="0" errors="0" timestamp="2024-01-13T23:26:12" hostname="DESKTOP-601ALRO" time="0.002">
  <properties/>
  <testcase name="testSanity" classname="examplefuncsplayer.RobotPlayerTest" time="0.002"/>
  <system-out><![CDATA[]]></system-out>
  <system-err><![CDATA[]]></system-err>
</testsuite>
